<?xml version="1.0" encoding="UTF-8"?>
<!-- Generated by org.testng.reporters.JUnitReportReporter -->
<testsuite hostname="Keekee" failures="0" tests="1" name="testCases.TC016_VerifyMaxLimit" time="11.581" errors="0" timestamp="2025-08-12T00:20:47 IST" skipped="0">
  <testcase classname="testCases.TC016_VerifyMaxLimit" name="test_VerifyMaxLimitTshirt" time="11.581"/>
</testsuite> <!-- testCases.TC016_VerifyMaxLimit -->
