<?xml version="1.0" encoding="UTF-8"?>
<!-- Generated by org.testng.reporters.JUnitReportReporter -->
<testsuite hostname="Keekee" failures="0" tests="1" name="testCases.TC007_RetreiveOrderCount" time="6.189" errors="0" timestamp="2025-08-03T11:10:06 IST" skipped="0">
  <testcase classname="testCases.TC007_RetreiveOrderCount" name="test_OrderCount" time="6.189"/>
</testsuite> <!-- testCases.TC007_RetreiveOrderCount -->
