<?xml version="1.0" encoding="UTF-8"?>
<!-- Generated by org.testng.reporters.JUnitReportReporter -->
<testsuite hostname="Keekee" failures="0" tests="1" name="testCases.TC017_PrintProduct" time="20.738" errors="0" timestamp="2025-08-12T17:34:35 IST" skipped="0">
  <testcase classname="testCases.TC017_PrintProduct" name="test_VerifyPrintProduct" time="20.738"/>
</testsuite> <!-- testCases.TC017_PrintProduct -->
