<?xml version="1.0" encoding="UTF-8"?>
<!-- Generated by org.testng.reporters.JUnitReportReporter -->
<testsuite hostname="Keekee" failures="0" tests="1" name="testCases.TC018_UpdatingMaxlimitofProduct" time="14.428" errors="0" timestamp="2025-08-12T23:35:03 IST" skipped="0">
  <testcase classname="testCases.TC018_UpdatingMaxlimitofProduct" name="test_VerifyUpdateMaxLimitCart" time="14.428"/>
</testsuite> <!-- testCases.TC018_UpdatingMaxlimitofProduct -->
