<?xml version="1.0" encoding="UTF-8"?>
<!-- Generated by org.testng.reporters.JUnitReportReporter -->
<testsuite hostname="Keekee" failures="0" tests="1" name="testCases.SocialMediaLinks.TC002_LinkedIn" time="6.315" errors="0" timestamp="2025-06-26T23:47:00 IST" skipped="0">
  <testcase classname="testCases.SocialMediaLinks.TC002_LinkedIn" name="verify_LinkedInlink" time="6.315"/>
</testsuite> <!-- testCases.SocialMediaLinks.TC002_LinkedIn -->
