<?xml version="1.0" encoding="UTF-8"?>
<!-- Generated by org.testng.reporters.JUnitReportReporter -->
<testsuite hostname="Keekee" failures="0" tests="1" name="testCases.TC001_AccountRegistration" time="16.853" errors="0" timestamp="2025-06-25T23:25:26 IST" skipped="0">
  <testcase classname="testCases.TC001_AccountRegistration" name="verify_acc_regn" time="16.853"/>
</testsuite> <!-- testCases.TC001_AccountRegistration -->
