<?xml version="1.0" encoding="UTF-8"?>
<!-- Generated by org.testng.reporters.JUnitReportReporter -->
<testsuite hostname="Keekee" failures="0" tests="1" name="testCases.TC005_AddToCart" time="11.593" errors="0" timestamp="2025-07-30T10:34:42 IST" skipped="0">
  <testcase classname="testCases.TC005_AddToCart" name="verify_AddToCart" time="11.593"/>
</testsuite> <!-- testCases.TC005_AddToCart -->
