<?xml version="1.0" encoding="UTF-8"?>
<!-- Generated by org.testng.reporters.JUnitReportReporter -->
<testsuite hostname="Keekee" failures="0" tests="1" name="testCases.SocialMediaLinks.TC003_Twitter" time="7.173" errors="0" timestamp="2025-06-26T23:47:00 IST" skipped="0">
  <testcase classname="testCases.SocialMediaLinks.TC003_Twitter" name="verify_twitterlink" time="7.173"/>
</testsuite> <!-- testCases.SocialMediaLinks.TC003_Twitter -->
