<?xml version="1.0" encoding="UTF-8"?>
<!-- Generated by org.testng.reporters.JUnitReportReporter -->
<testsuite hostname="Keekee" failures="0" tests="1" name="testCases.TC009_WishlistBadgeCount" time="17.486" errors="0" timestamp="2025-08-06T00:35:40 IST" skipped="0">
  <testcase classname="testCases.TC009_WishlistBadgeCount" name="test_WishlistCountVerification_Badge_Page" time="17.486"/>
</testsuite> <!-- testCases.TC009_WishlistBadgeCount -->
