<?xml version="1.0" encoding="UTF-8"?>
<!-- Generated by org.testng.reporters.JUnitReportReporter -->
<testsuite hostname="Keekee" failures="0" tests="1" name="testCases.TC006_CheckoutProduct" time="31.231" errors="0" timestamp="2025-08-01T11:12:08 IST" skipped="0">
  <testcase classname="testCases.TC006_CheckoutProduct" name="test_checkoutProd" time="31.231"/>
</testsuite> <!-- testCases.TC006_CheckoutProduct -->
