<?xml version="1.0" encoding="UTF-8"?>
<!-- Generated by org.testng.reporters.JUnitReportReporter -->
<testsuite hostname="Keekee" failures="0" tests="1" name="testCases.TC019_SortingLtoHVerification" time="11.194" errors="0" timestamp="2025-08-27T22:25:27 IST" skipped="0">
  <testcase classname="testCases.TC019_SortingLtoHVerification" name="test_VerifyPriceLtoHSort" time="11.194"/>
</testsuite> <!-- testCases.TC019_SortingLtoHVerification -->
