<?xml version="1.0" encoding="UTF-8"?>
<!-- Generated by org.testng.reporters.JUnitReportReporter -->
<testsuite hostname="Keekee" failures="0" tests="1" name="testCases.SocialMediaLinks.Facebook" time="2.167" errors="0" timestamp="2025-06-26T23:17:43 IST" skipped="0">
  <testcase classname="testCases.SocialMediaLinks.Facebook" name="verify_fblink" time="2.167"/>
</testsuite> <!-- testCases.SocialMediaLinks.Facebook -->
