<?xml version="1.0" encoding="UTF-8"?>
<!-- Generated by org.testng.reporters.JUnitReportReporter -->
<testsuite hostname="Keekee" failures="0" tests="1" name="testCases.TC014_OutOfStockAlertinCart" time="8.551" errors="0" timestamp="2025-08-07T23:45:24 IST" skipped="0">
  <testcase classname="testCases.TC014_OutOfStockAlertinCart" name="test_VerifyOutOfStockAlert" time="8.551"/>
</testsuite> <!-- testCases.TC014_OutOfStockAlertinCart -->
