<?xml version="1.0" encoding="UTF-8"?>
<!-- Generated by org.testng.reporters.JUnitReportReporter -->
<testsuite hostname="Keekee" failures="0" tests="1" name="testCases.TC002_EmptyFieldsErr" time="5.228" errors="0" timestamp="2025-06-26T20:28:45 IST" skipped="0">
  <testcase classname="testCases.TC002_EmptyFieldsErr" name="verify_empty_fields_error_messages" time="5.228"/>
</testsuite> <!-- testCases.TC002_EmptyFieldsErr -->
