<?xml version="1.0" encoding="UTF-8"?>
<!-- Generated by org.testng.reporters.JUnitReportReporter -->
<testsuite hostname="Keekee" failures="0" tests="1" name="testCases.TC015_SelectTshirtColorSize" time="23.480" errors="0" timestamp="2025-08-12T00:20:48 IST" skipped="0">
  <testcase classname="testCases.TC015_SelectTshirtColorSize" name="test_VerifyTshirtPurcahse" time="23.480"/>
</testsuite> <!-- testCases.TC015_SelectTshirtColorSize -->
