<?xml version="1.0" encoding="UTF-8"?>
<!-- Generated by org.testng.reporters.JUnitReportReporter -->
<testsuite hostname="Keekee" failures="0" tests="1" name="testCases.SocialMediaLinks.TC001_Facebook" time="2.486" errors="0" timestamp="2025-06-26T23:47:00 IST" skipped="0">
  <testcase classname="testCases.SocialMediaLinks.TC001_Facebook" name="verify_fblink" time="2.486"/>
</testsuite> <!-- testCases.SocialMediaLinks.TC001_Facebook -->
