<?xml version="1.0" encoding="UTF-8"?>
<!-- Generated by org.testng.reporters.JUnitReportReporter -->
<testsuite hostname="Keekee" failures="0" tests="1" name="testCases.TC010_DeleteProduct_From_WishList" time="22.006" errors="0" timestamp="2025-08-06T00:35:40 IST" skipped="0">
  <testcase classname="testCases.TC010_DeleteProduct_From_WishList" name="verify_deleteFromWishList" time="22.006"/>
</testsuite> <!-- testCases.TC010_DeleteProduct_From_WishList -->
