<?xml version="1.0" encoding="UTF-8"?>
<!-- Generated by org.testng.reporters.JUnitReportReporter -->
<testsuite hostname="Keekee" failures="0" tests="1" name="testCases.TC003_RegLogin" time="4.713" errors="0" timestamp="2025-06-25T23:14:39 IST" skipped="0">
  <testcase classname="testCases.TC003_RegLogin" name="verify_login_with_registered_credentials" time="4.713"/>
</testsuite> <!-- testCases.TC003_RegLogin -->
