<?xml version="1.0" encoding="UTF-8"?>
<!-- Generated by org.testng.reporters.JUnitReportReporter -->
<testsuite hostname="Keekee" failures="0" tests="1" name="testCases.TC011_AddToCartFromWishlist" time="18.181" errors="0" timestamp="2025-08-06T00:35:40 IST" skipped="0">
  <testcase classname="testCases.TC011_AddToCartFromWishlist" name="test_VerifyAddToCartFromWishList" time="18.181"/>
</testsuite> <!-- testCases.TC011_AddToCartFromWishlist -->
