<?xml version="1.0" encoding="UTF-8"?>
<!-- Generated by org.testng.reporters.JUnitReportReporter -->
<testsuite hostname="Keekee" failures="0" tests="1" name="testCases.TC008_OrderCount_BadgeTile" time="5.552" errors="0" timestamp="2025-08-03T11:10:06 IST" skipped="0">
  <testcase classname="testCases.TC008_OrderCount_BadgeTile" name="test_badge_tile" time="5.552"/>
</testsuite> <!-- testCases.TC008_OrderCount_BadgeTile -->
