<?xml version="1.0" encoding="UTF-8"?>
<!-- Generated by org.testng.reporters.JUnitReportReporter -->
<testsuite hostname="Keekee" failures="0" tests="1" name="testCases.SocialMediaLinks.Twitter" time="6.354" errors="0" timestamp="2025-06-26T23:17:43 IST" skipped="0">
  <testcase classname="testCases.SocialMediaLinks.Twitter" name="verify_twitterlink" time="6.354"/>
</testsuite> <!-- testCases.SocialMediaLinks.Twitter -->
