<?xml version="1.0" encoding="UTF-8"?>
<!-- Generated by org.testng.reporters.JUnitReportReporter -->
<testsuite hostname="Keekee" failures="0" tests="1" name="testCases.TC013_OutOfStockProdToCart" time="21.710" errors="0" timestamp="2025-08-07T23:45:24 IST" skipped="0">
  <testcase classname="testCases.TC013_OutOfStockProdToCart" name="test_VerifyOutOfStockProdToCart" time="21.710"/>
</testsuite> <!-- testCases.TC013_OutOfStockProdToCart -->
