<?xml version="1.0" encoding="UTF-8"?>
<!-- Generated by org.testng.reporters.JUnitReportReporter -->
<testsuite hostname="Keekee" failures="0" tests="1" name="testCases.TC020_SortingHtoLVerification" time="9.958" errors="0" timestamp="2025-08-27T22:25:27 IST" skipped="0">
  <testcase classname="testCases.TC020_SortingHtoLVerification" name="test_VerifyPriceHtoLSort" time="9.958"/>
</testsuite> <!-- testCases.TC020_SortingHtoLVerification -->
