<?xml version="1.0" encoding="UTF-8"?>
<!-- Generated by org.testng.reporters.JUnitReportReporter -->
<testsuite hostname="Keekee" failures="0" tests="1" name="testCases.TC012_VerifyOutOfStockProduct" time="7.891" errors="0" timestamp="2025-08-06T23:32:11 IST" skipped="0">
  <testcase classname="testCases.TC012_VerifyOutOfStockProduct" name="test_VerifyOutOfStockinProdPage" time="7.891"/>
</testsuite> <!-- testCases.TC012_VerifyOutOfStockProduct -->
